<?xml version="1.0" encoding="UTF-8"?>
<!-- Generated by org.testng.reporters.JUnitReportReporter -->
<testsuite skipped="0" hostname="DESKTOP-GK61F68" name="runner.Runner" tests="1" failures="1" timestamp="2021-08-27T17:48:52 IST" time="24.074" errors="0">
  <testcase name="runScenario" time="24.074" classname="runner.Runner">
    <failure type="java.lang.AssertionError" message="logo is not displayed expected [true] but found [false]">
      <![CDATA[java.lang.AssertionError: logo is not displayed expected [true] but found [false]
at org.testng.Assert.fail(Assert.java:99)
at org.testng.Assert.failNotEquals(Assert.java:1037)
at org.testng.Assert.assertTrue(Assert.java:45)
at stepdefinitions.HomePageTest.home_page_is_displayed_i_will_check_whether_logo_is_displayed_or_not(HomePageTest.java:31)
at âœ½.Home page is displayed I will check whether logo is displayed or not(file:///C:/Users/Nitheesha/git/sdet18Ecommerce/SDET18EcommerceBDD/./src/test/java/features/Home.feature:5)
]]>
    </failure>
  </testcase> <!-- runScenario -->
  <system-out/>
</testsuite> <!-- runner.Runner -->
